Build started 25.03.2019 19:45:28.
     1>Project "S:\GIT\Project01\Project01.vcxproj" on node 2 (Build target(s)).
     1>ClCompile:
         C:\Program Files (x86)\Microsoft Visual Studio 12.0\VC\bin\CL.exe /c /ZI /nologo /W3 /WX- /Od /Oy- /D WIN32 /D _DEBUG /D _CONSOLE /D _LIB /D _UNICODE /D UNICODE /Gm /EHsc /RTC1 /MDd /GS /fp:precise /Zc:wchar_t /Zc:forScope /Fo"Debug\\" /Fd"Debug\vc120.pdb" /Gd /TP /analyze- /errorReport:prompt QFloat.cpp QInt.cpp Source.cpp
         Source.cpp
         QInt.cpp
     1>s:\git\project01\qint.cpp(20): warning C4018: '>' : signed/unsigned mismatch
     1>s:\git\project01\qint.cpp(50): warning C4018: '<' : signed/unsigned mismatch
     1>s:\git\project01\qint.cpp(153): warning C4554: '>>' : check operator precedence for possible error; use parentheses to clarify precedence
     1>s:\git\project01\qint.cpp(171): warning C4554: '>>' : check operator precedence for possible error; use parentheses to clarify precedence
     1>s:\git\project01\qint.cpp(185): warning C4554: '>>' : check operator precedence for possible error; use parentheses to clarify precedence
     1>s:\git\project01\qint.cpp(186): warning C4800: 'int' : forcing value to bool 'true' or 'false' (performance warning)
     1>s:\git\project01\qint.cpp(258): warning C4018: '>' : signed/unsigned mismatch
     1>s:\git\project01\qint.cpp(324): warning C4554: '>>' : check operator precedence for possible error; use parentheses to clarify precedence
         QFloat.cpp
         Generating Code...
       Link:
         C:\Program Files (x86)\Microsoft Visual Studio 12.0\VC\bin\link.exe /ERRORREPORT:PROMPT /OUT:"S:\GIT\Debug\Project01.exe" /INCREMENTAL /NOLOGO kernel32.lib user32.lib gdi32.lib winspool.lib comdlg32.lib advapi32.lib shell32.lib ole32.lib oleaut32.lib uuid.lib odbc32.lib odbccp32.lib /MANIFEST /MANIFESTUAC:"level='asInvoker' uiAccess='false'" /manifest:embed /DEBUG /PDB:"S:\GIT\Debug\Project01.pdb" /SUBSYSTEM:CONSOLE /TLBID:1 /DYNAMICBASE /NXCOMPAT /IMPLIB:"S:\GIT\Debug\Project01.lib" /MACHINE:X86 Debug\QFloat.obj
         Debug\QInt.obj
         Debug\Source.obj
         Project01.vcxproj -> S:\GIT\Debug\Project01.exe
     1>Done Building Project "S:\GIT\Project01\Project01.vcxproj" (Build target(s)).

Build succeeded.

Time Elapsed 00:00:03.63
